d:\age\age\engine\libs\vendor\msdfgen\bin\debug-windows-x86_64\msdfgen\msdfgen.pdb
d:\age\age\engine\libs\vendor\msdfgen\bin\debug-windows-x86_64\msdfgen\msdfgen.idb
d:\age\age\engine\libs\vendor\msdfgen\bin-int\debug-windows-x86_64\msdfgen\save-rgba.obj
d:\age\age\engine\libs\vendor\msdfgen\bin-int\debug-windows-x86_64\msdfgen\save-fl32.obj
d:\age\age\engine\libs\vendor\msdfgen\bin-int\debug-windows-x86_64\msdfgen\save-bmp.obj
d:\age\age\engine\libs\vendor\msdfgen\bin-int\debug-windows-x86_64\msdfgen\render-sdf.obj
d:\age\age\engine\libs\vendor\msdfgen\bin-int\debug-windows-x86_64\msdfgen\rasterization.obj
d:\age\age\engine\libs\vendor\msdfgen\bin-int\debug-windows-x86_64\msdfgen\msdfgen.obj
d:\age\age\engine\libs\vendor\msdfgen\bin-int\debug-windows-x86_64\msdfgen\msdf-error-correction.obj
d:\age\age\engine\libs\vendor\msdfgen\bin-int\debug-windows-x86_64\msdfgen\export-svg.obj
d:\age\age\engine\libs\vendor\msdfgen\bin-int\debug-windows-x86_64\msdfgen\equation-solver.obj
d:\age\age\engine\libs\vendor\msdfgen\bin-int\debug-windows-x86_64\msdfgen\edge-selectors.obj
d:\age\age\engine\libs\vendor\msdfgen\bin-int\debug-windows-x86_64\msdfgen\edge-segments.obj
d:\age\age\engine\libs\vendor\msdfgen\bin-int\debug-windows-x86_64\msdfgen\edge-coloring.obj
d:\age\age\engine\libs\vendor\msdfgen\bin-int\debug-windows-x86_64\msdfgen\contour-combiners.obj
d:\age\age\engine\libs\vendor\msdfgen\bin-int\debug-windows-x86_64\msdfgen\shape.obj
d:\age\age\engine\libs\vendor\msdfgen\bin-int\debug-windows-x86_64\msdfgen\scanline.obj
d:\age\age\engine\libs\vendor\msdfgen\bin-int\debug-windows-x86_64\msdfgen\projection.obj
d:\age\age\engine\libs\vendor\msdfgen\bin-int\debug-windows-x86_64\msdfgen\msdferrorcorrection.obj
d:\age\age\engine\libs\vendor\msdfgen\bin-int\debug-windows-x86_64\msdfgen\edgeholder.obj
d:\age\age\engine\libs\vendor\msdfgen\bin-int\debug-windows-x86_64\msdfgen\distancemapping.obj
d:\age\age\engine\libs\vendor\msdfgen\bin-int\debug-windows-x86_64\msdfgen\contour.obj
d:\age\age\engine\libs\vendor\msdfgen\bin-int\debug-windows-x86_64\msdfgen\save-png.obj
d:\age\age\engine\libs\vendor\msdfgen\bin-int\debug-windows-x86_64\msdfgen\resolve-shape-geometry.obj
d:\age\age\engine\libs\vendor\msdfgen\bin-int\debug-windows-x86_64\msdfgen\import-svg.obj
d:\age\age\engine\libs\vendor\msdfgen\bin-int\debug-windows-x86_64\msdfgen\import-font.obj
d:\age\age\engine\libs\vendor\msdfgen\bin-int\debug-windows-x86_64\msdfgen\shape-description.obj
d:\age\age\engine\libs\vendor\msdfgen\bin-int\debug-windows-x86_64\msdfgen\sdf-error-estimation.obj
d:\age\age\engine\libs\vendor\msdfgen\bin-int\debug-windows-x86_64\msdfgen\save-tiff.obj
d:\age\age\engine\libs\vendor\msdfgen\bin\debug-windows-x86_64\msdfgen\msdfgen.lib
d:\age\age\engine\libs\vendor\msdfgen\bin-int\debug-windows-x86_64\msdfgen\msdfgen.tlog\cl.command.1.tlog
d:\age\age\engine\libs\vendor\msdfgen\bin-int\debug-windows-x86_64\msdfgen\msdfgen.tlog\cl.items.tlog
d:\age\age\engine\libs\vendor\msdfgen\bin-int\debug-windows-x86_64\msdfgen\msdfgen.tlog\cl.read.1.tlog
d:\age\age\engine\libs\vendor\msdfgen\bin-int\debug-windows-x86_64\msdfgen\msdfgen.tlog\cl.write.1.tlog
d:\age\age\engine\libs\vendor\msdfgen\bin-int\debug-windows-x86_64\msdfgen\msdfgen.tlog\lib-link.read.1.tlog
d:\age\age\engine\libs\vendor\msdfgen\bin-int\debug-windows-x86_64\msdfgen\msdfgen.tlog\lib-link.write.1.tlog
d:\age\age\engine\libs\vendor\msdfgen\bin-int\debug-windows-x86_64\msdfgen\msdfgen.tlog\lib.command.1.tlog
