  autofit.c
  ftbase.c
  ftbbox.c
  ftbdf.c
  ftbitmap.c
  ftcid.c
  ftdebug.c
  ftfstype.c
  ftgasp.c
  ftglyph.c
  ftgxval.c
  ftinit.c
  ftmm.c
  ftotval.c
  ftpatent.c
  ftpfr.c
  ftstroke.c
  ftsynth.c
  ftsystem.c
  fttype1.c
  Generating Code...
  Compiling...
  ftwinfnt.c
  bdf.c
  ftbzip2.c
  ftcache.c
  cff.c
  type1cid.c
  ftgzip.c
  ftlzw.c
  pcf.c
  pfr.c
  psaux.c
D:\AGE\AGE\Engine\libs\vendor\msdfgen\freetype\src\psaux\t1decode.c(1996,23): warning C4267: '=': conversion from 'size_t' to 'FT_Int', possible loss of data
D:\AGE\AGE\Engine\libs\vendor\msdfgen\freetype\src\psaux\psintrp.c(1012,25): warning C4267: '=': conversion from 'size_t' to 'FT_Fast', possible loss of data
  pshinter.c
  psnames.c
  raster.c
  sdf.c
  sfnt.c
D:\AGE\AGE\Engine\libs\vendor\msdfgen\freetype\src\sfnt\sfdriver.c(884,13): warning C4267: '=': conversion from 'size_t' to 'FT_UInt', possible loss of data
D:\AGE\AGE\Engine\libs\vendor\msdfgen\freetype\src\sfnt\sfdriver.c(1036,36): warning C4244: 'function': conversion from '__int64' to 'const unsigned int', possible loss of data
  smooth.c
D:\AGE\AGE\Engine\libs\vendor\msdfgen\freetype\src\smooth\ftgrays.c(1898,20): warning C4267: '+=': conversion from 'size_t' to 'TCoord', possible loss of data
  truetype.c
  type1.c
D:\AGE\AGE\Engine\libs\vendor\msdfgen\freetype\src\type1\t1driver.c(292,48): warning C4267: '=': conversion from 'size_t' to 'FT_ULong', possible loss of data
D:\AGE\AGE\Engine\libs\vendor\msdfgen\freetype\src\type1\t1driver.c(313,55): warning C4267: '=': conversion from 'size_t' to 'FT_ULong', possible loss of data
D:\AGE\AGE\Engine\libs\vendor\msdfgen\freetype\src\type1\t1driver.c(342,62): warning C4267: '=': conversion from 'size_t' to 'FT_ULong', possible loss of data
D:\AGE\AGE\Engine\libs\vendor\msdfgen\freetype\src\type1\t1driver.c(369,19): warning C4267: '=': conversion from 'size_t' to 'FT_UInt', possible loss of data
D:\AGE\AGE\Engine\libs\vendor\msdfgen\freetype\src\type1\t1driver.c(578,56): warning C4267: '=': conversion from 'size_t' to 'FT_ULong', possible loss of data
D:\AGE\AGE\Engine\libs\vendor\msdfgen\freetype\src\type1\t1driver.c(587,55): warning C4267: '=': conversion from 'size_t' to 'FT_ULong', possible loss of data
D:\AGE\AGE\Engine\libs\vendor\msdfgen\freetype\src\type1\t1driver.c(596,58): warning C4267: '=': conversion from 'size_t' to 'FT_ULong', possible loss of data
D:\AGE\AGE\Engine\libs\vendor\msdfgen\freetype\src\type1\t1driver.c(605,60): warning C4267: '=': conversion from 'size_t' to 'FT_ULong', possible loss of data
D:\AGE\AGE\Engine\libs\vendor\msdfgen\freetype\src\type1\t1driver.c(615,55): warning C4267: '=': conversion from 'size_t' to 'FT_ULong', possible loss of data
D:\AGE\AGE\Engine\libs\vendor\msdfgen\freetype\src\type1\t1load.c(1780,64): warning C4244: '=': conversion from '__int64' to 'FT_Int', possible loss of data
D:\AGE\AGE\Engine\libs\vendor\msdfgen\freetype\src\type1\t1load.c(1953,36): warning C4244: '=': conversion from '__int64' to 'FT_Int', possible loss of data
  type42.c
D:\AGE\AGE\Engine\libs\vendor\msdfgen\freetype\src\type42\t42parse.c(878,62): warning C4244: '=': conversion from '__int64' to 'FT_Int', possible loss of data
  Generating Code...
  Compiling...
  winfnt.c
  Generating Code...
  freetype.vcxproj -> D:\AGE\AGE\Engine\libs\vendor\msdfgen\bin\Release-windows-x86_64\freetype\freetype.lib
