d:\age\age\engine\libs\vendor\msdfgen\bin\debug-windows-x86_64\freetype\freetype.pdb
d:\age\age\engine\libs\vendor\msdfgen\bin\debug-windows-x86_64\freetype\freetype.idb
d:\age\age\engine\libs\vendor\msdfgen\bin-int\debug-windows-x86_64\freetype\fttype1.obj
d:\age\age\engine\libs\vendor\msdfgen\bin-int\debug-windows-x86_64\freetype\ftsystem.obj
d:\age\age\engine\libs\vendor\msdfgen\bin-int\debug-windows-x86_64\freetype\ftsynth.obj
d:\age\age\engine\libs\vendor\msdfgen\bin-int\debug-windows-x86_64\freetype\ftstroke.obj
d:\age\age\engine\libs\vendor\msdfgen\bin-int\debug-windows-x86_64\freetype\ftpfr.obj
d:\age\age\engine\libs\vendor\msdfgen\bin-int\debug-windows-x86_64\freetype\ftpatent.obj
d:\age\age\engine\libs\vendor\msdfgen\bin-int\debug-windows-x86_64\freetype\ftotval.obj
d:\age\age\engine\libs\vendor\msdfgen\bin-int\debug-windows-x86_64\freetype\ftmm.obj
d:\age\age\engine\libs\vendor\msdfgen\bin-int\debug-windows-x86_64\freetype\ftinit.obj
d:\age\age\engine\libs\vendor\msdfgen\bin-int\debug-windows-x86_64\freetype\ftgxval.obj
d:\age\age\engine\libs\vendor\msdfgen\bin-int\debug-windows-x86_64\freetype\ftglyph.obj
d:\age\age\engine\libs\vendor\msdfgen\bin-int\debug-windows-x86_64\freetype\ftgasp.obj
d:\age\age\engine\libs\vendor\msdfgen\bin-int\debug-windows-x86_64\freetype\ftfstype.obj
d:\age\age\engine\libs\vendor\msdfgen\bin-int\debug-windows-x86_64\freetype\ftdebug.obj
d:\age\age\engine\libs\vendor\msdfgen\bin-int\debug-windows-x86_64\freetype\ftcid.obj
d:\age\age\engine\libs\vendor\msdfgen\bin-int\debug-windows-x86_64\freetype\ftbitmap.obj
d:\age\age\engine\libs\vendor\msdfgen\bin-int\debug-windows-x86_64\freetype\ftbdf.obj
d:\age\age\engine\libs\vendor\msdfgen\bin-int\debug-windows-x86_64\freetype\ftbbox.obj
d:\age\age\engine\libs\vendor\msdfgen\bin-int\debug-windows-x86_64\freetype\ftbase.obj
d:\age\age\engine\libs\vendor\msdfgen\bin-int\debug-windows-x86_64\freetype\autofit.obj
d:\age\age\engine\libs\vendor\msdfgen\bin-int\debug-windows-x86_64\freetype\type42.obj
d:\age\age\engine\libs\vendor\msdfgen\bin-int\debug-windows-x86_64\freetype\type1.obj
d:\age\age\engine\libs\vendor\msdfgen\bin-int\debug-windows-x86_64\freetype\truetype.obj
d:\age\age\engine\libs\vendor\msdfgen\bin-int\debug-windows-x86_64\freetype\smooth.obj
d:\age\age\engine\libs\vendor\msdfgen\bin-int\debug-windows-x86_64\freetype\sfnt.obj
d:\age\age\engine\libs\vendor\msdfgen\bin-int\debug-windows-x86_64\freetype\sdf.obj
d:\age\age\engine\libs\vendor\msdfgen\bin-int\debug-windows-x86_64\freetype\raster.obj
d:\age\age\engine\libs\vendor\msdfgen\bin-int\debug-windows-x86_64\freetype\psnames.obj
d:\age\age\engine\libs\vendor\msdfgen\bin-int\debug-windows-x86_64\freetype\pshinter.obj
d:\age\age\engine\libs\vendor\msdfgen\bin-int\debug-windows-x86_64\freetype\psaux.obj
d:\age\age\engine\libs\vendor\msdfgen\bin-int\debug-windows-x86_64\freetype\pfr.obj
d:\age\age\engine\libs\vendor\msdfgen\bin-int\debug-windows-x86_64\freetype\pcf.obj
d:\age\age\engine\libs\vendor\msdfgen\bin-int\debug-windows-x86_64\freetype\ftlzw.obj
d:\age\age\engine\libs\vendor\msdfgen\bin-int\debug-windows-x86_64\freetype\ftgzip.obj
d:\age\age\engine\libs\vendor\msdfgen\bin-int\debug-windows-x86_64\freetype\type1cid.obj
d:\age\age\engine\libs\vendor\msdfgen\bin-int\debug-windows-x86_64\freetype\cff.obj
d:\age\age\engine\libs\vendor\msdfgen\bin-int\debug-windows-x86_64\freetype\ftcache.obj
d:\age\age\engine\libs\vendor\msdfgen\bin-int\debug-windows-x86_64\freetype\ftbzip2.obj
d:\age\age\engine\libs\vendor\msdfgen\bin-int\debug-windows-x86_64\freetype\bdf.obj
d:\age\age\engine\libs\vendor\msdfgen\bin-int\debug-windows-x86_64\freetype\ftwinfnt.obj
d:\age\age\engine\libs\vendor\msdfgen\bin-int\debug-windows-x86_64\freetype\winfnt.obj
d:\age\age\engine\libs\vendor\msdfgen\bin\debug-windows-x86_64\freetype\freetype.lib
d:\age\age\engine\libs\vendor\msdfgen\bin-int\debug-windows-x86_64\freetype\freetype.tlog\cl.command.1.tlog
d:\age\age\engine\libs\vendor\msdfgen\bin-int\debug-windows-x86_64\freetype\freetype.tlog\cl.items.tlog
d:\age\age\engine\libs\vendor\msdfgen\bin-int\debug-windows-x86_64\freetype\freetype.tlog\cl.read.1.tlog
d:\age\age\engine\libs\vendor\msdfgen\bin-int\debug-windows-x86_64\freetype\freetype.tlog\cl.write.1.tlog
d:\age\age\engine\libs\vendor\msdfgen\bin-int\debug-windows-x86_64\freetype\freetype.tlog\lib-link.read.1.tlog
d:\age\age\engine\libs\vendor\msdfgen\bin-int\debug-windows-x86_64\freetype\freetype.tlog\lib-link.write.1.tlog
d:\age\age\engine\libs\vendor\msdfgen\bin-int\debug-windows-x86_64\freetype\freetype.tlog\lib.command.1.tlog
